app/seeds.txt
com.radmagnet.AutoScrollViewPager
com.radmagnet.AutoScrollViewPager: int DEFAULT_INTERVAL
com.radmagnet.AutoScrollViewPager: int LEFT
com.radmagnet.AutoScrollViewPager: int RIGHT
com.radmagnet.AutoScrollViewPager: int SLIDE_BORDER_MODE_NONE
com.radmagnet.AutoScrollViewPager: int SLIDE_BORDER_MODE_CYCLE
com.radmagnet.AutoScrollViewPager: int SLIDE_BORDER_MODE_TO_PARENT
com.radmagnet.AutoScrollViewPager: int SCROLL_WHAT
com.radmagnet.AutoScrollViewPager: AutoScrollViewPager(android.content.Context)
com.radmagnet.AutoScrollViewPager: AutoScrollViewPager(android.content.Context,android.util.AttributeSet)
com.radmagnet.AutoScrollViewPager: void startAutoScroll()
com.radmagnet.AutoScrollViewPager: void startAutoScroll(int)
com.radmagnet.AutoScrollViewPager: void stopAutoScroll()
com.radmagnet.AutoScrollViewPager: void setSwipeScrollDurationFactor(double)
com.radmagnet.AutoScrollViewPager: void setAutoScrollDurationFactor(double)
com.radmagnet.AutoScrollViewPager: void scrollOnce()
com.radmagnet.AutoScrollViewPager: boolean dispatchTouchEvent(android.view.MotionEvent)
com.radmagnet.AutoScrollViewPager: long getInterval()
com.radmagnet.AutoScrollViewPager: void setInterval(long)
com.radmagnet.AutoScrollViewPager: int getDirection()
com.radmagnet.AutoScrollViewPager: void setDirection(int)
com.radmagnet.AutoScrollViewPager: boolean isCycle()
com.radmagnet.AutoScrollViewPager: void setCycle(boolean)
com.radmagnet.AutoScrollViewPager: boolean isStopScrollWhenTouch()
com.radmagnet.BaseActivity
com.radmagnet.BaseActivity: com.radmagnet.models.ConfigVars sConfig
com.radmagnet.BaseActivity: java.lang.String LAST_UPDATED_KEY
com.radmagnet.BaseActivity: BaseActivity()
com.radmagnet.BaseActivity: void onCreate(android.os.Bundle)
com.radmagnet.BaseActivity: com.radmagnet.models.ConfigVars getConfig()
com.radmagnet.BaseActivity: int getColorFromCategory(java.lang.String)
com.radmagnet.BaseActivity: java.lang.String getTitleFromConfig(java.lang.String)
com.radmagnet.BaseActivity: android.graphics.drawable.Drawable applyColorToDrawable(int,int)
com.radmagnet.BaseActivity: void attachBaseContext(android.content.Context)
com.radmagnet.BaseActivity: java.lang.CharSequence highlight(java.lang.String,java.lang.String)
com.radmagnet.BaseActivity: void setupActionBar(boolean,android.support.v7.widget.Toolbar)
com.radmagnet.BaseActivity: android.text.SpannableString getStyledActionTitle(java.lang.CharSequence)
com.radmagnet.BaseActivity: int getValueInDp(int)
com.radmagnet.BaseActivity: java.lang.String getDateSuffix(int)
com.radmagnet.BaseApplication
com.radmagnet.BaseApplication: java.lang.String DATE_FORMAT
com.radmagnet.BaseApplication: int NOTIF_REQUEST_CODE
com.radmagnet.BaseApplication: java.lang.String NEWS_DETAILS_URL
com.radmagnet.BaseApplication: BaseApplication()
com.radmagnet.BaseApplication: void onCreate()
com.radmagnet.BaseApplication$Categories
com.radmagnet.BaseApplication$Categories: com.radmagnet.BaseApplication$Categories EVENTS
com.radmagnet.BaseApplication$Categories: com.radmagnet.BaseApplication$Categories NEWS
com.radmagnet.BaseApplication$Categories: com.radmagnet.BaseApplication$Categories LIFE_HACKS
com.radmagnet.BaseApplication$Categories: com.radmagnet.BaseApplication$Categories[] values()
com.radmagnet.BaseApplication$Categories: com.radmagnet.BaseApplication$Categories valueOf(java.lang.String)
com.radmagnet.BaseApplication$Categories: java.lang.String toString()
com.radmagnet.BaseFragment
com.radmagnet.BaseFragment: BaseFragment()
com.radmagnet.BaseFragment: com.radmagnet.BaseActivity getBaseActivity()
...
com.squareup.okhttp.internal.spdy.IncomingStreamHandler
com.squareup.okhttp.internal.spdy.IncomingStreamHandler: com.squareup.okhttp.internal.spdy.IncomingStreamHandler REFUSE_INCOMING_STREAMS
com.squareup.okhttp.internal.spdy.IncomingStreamHandler: void receive(com.squareup.okhttp.internal.spdy.SpdyStream)
com.squareup.okhttp.internal.spdy.IncomingStreamHandler: void <clinit>()
com.squareup.okhttp.internal.spdy.IncomingStreamHandler$1
com.squareup.okhttp.internal.spdy.IncomingStreamHandler$1: IncomingStreamHandler$1()
com.squareup.okhttp.internal.spdy.IncomingStreamHandler$1: void receive(com.squareup.okhttp.internal.spdy.SpdyStream)
com.squareup.okhttp.internal.spdy.NameValueBlockReader
com.squareup.okhttp.internal.spdy.NameValueBlockReader: okio.InflaterSource inflaterSource
com.squareup.okhttp.internal.spdy.NameValueBlockReader: int compressedLimit
com.squareup.okhttp.internal.spdy.NameValueBlockReader: okio.BufferedSource source
com.squareup.okhttp.internal.spdy.NameValueBlockReader: NameValueBlockReader(okio.BufferedSource)
com.squareup.okhttp.internal.spdy.NameValueBlockReader: java.util.List readNameValueBlock(int)
com.squareup.okhttp.internal.spdy.NameValueBlockReader: okio.ByteString readByteString()
com.squareup.okhttp.internal.spdy.NameValueBlockReader: void doneReading()
com.squareup.okhttp.internal.spdy.NameValueBlockReader: void close()
com.squareup.okhttp.internal.spdy.NameValueBlockReader: int access$000(com.squareup.okhttp.internal.spdy.NameValueBlockReader)
com.squareup.okhttp.internal.spdy.NameValueBlockReader: int access$002(com.squareup.okhttp.internal.spdy.NameValueBlockReader,int)
com.squareup.okhttp.internal.spdy.NameValueBlockReader$1
com.squareup.okhttp.internal.spdy.NameValueBlockReader$1: com.squareup.okhttp.internal.spdy.NameValueBlockReader this$0
com.squareup.okhttp.internal.spdy.NameValueBlockReader$1: NameValueBlockReader$1(com.squareup.okhttp.internal.spdy.NameValueBlockReader,okio.Source)
com.squareup.okhttp.internal.spdy.NameValueBlockReader$1: long read(okio.Buffer,long)
com.squareup.okhttp.internal.spdy.NameValueBlockReader$2
com.squareup.okhttp.internal.spdy.NameValueBlockReader$2: com.squareup.okhttp.internal.spdy.NameValueBlockReader this$0
com.squareup.okhttp.internal.spdy.NameValueBlockReader$2: NameValueBlockReader$2(com.squareup.okhttp.internal.spdy.NameValueBlockReader)
com.squareup.okhttp.internal.spdy.NameValueBlockReader$2: int inflate(byte[],int,int)
com.squareup.okhttp.internal.spdy.Ping
com.squareup.okhttp.internal.spdy.Ping: java.util.concurrent.CountDownLatch latch
com.squareup.okhttp.internal.spdy.Ping: long sent
com.squareup.okhttp.internal.spdy.Ping: long received
com.squareup.okhttp.internal.spdy.Ping: Ping()
com.squareup.okhttp.internal.spdy.Ping: void send()
com.squareup.okhttp.internal.spdy.Ping: void receive()
com.squareup.okhttp.internal.spdy.Ping: void cancel()
com.squareup.okhttp.internal.spdy.Ping: long roundTripTime()
com.squareup.okhttp.internal.spdy.Ping: long roundTripTime(long,java.util.concurrent.TimeUnit)
com.squareup.okhttp.internal.spdy.PushObserver
com.squareup.okhttp.internal.spdy.PushObserver: com.squareup.okhttp.internal.spdy.PushObserver CANCEL
com.squareup.okhttp.internal.spdy.PushObserver: boolean onRequest(int,java.util.List)
com.squareup.okhttp.internal.spdy.PushObserver: boolean onHeaders(int,java.util.List,boolean)
com.squareup.okhttp.internal.spdy.PushObserver: boolean onData(int,okio.BufferedSource,int,boolean)
com.squareup.okhttp.internal.spdy.PushObserver: void onReset(int,com.squareup.okhttp.internal.spdy.ErrorCode)
com.squareup.okhttp.internal.spdy.PushObserver: void <clinit>()