app/mapping.txt
com.radmagnet.AutoScrollViewPager -> com.radmagnet.AutoScrollViewPager:
    int DEFAULT_INTERVAL -> DEFAULT_INTERVAL
    int LEFT -> LEFT
    int RIGHT -> RIGHT
    int SLIDE_BORDER_MODE_NONE -> SLIDE_BORDER_MODE_NONE
    int SLIDE_BORDER_MODE_CYCLE -> SLIDE_BORDER_MODE_CYCLE
    int SLIDE_BORDER_MODE_TO_PARENT -> SLIDE_BORDER_MODE_TO_PARENT
    long interval -> a
    int direction -> b
    boolean isCycle -> c
    boolean stopScrollWhenTouch -> d
    int slideBorderMode -> e
    boolean isBorderAnimation -> f
    double autoScrollFactor -> g
    double swipeScrollFactor -> h
    android.os.Handler handler -> i
    boolean isAutoScroll -> j
    boolean isStopByTouch -> k
    float touchX -> l
    float downX -> m
    com.radmagnet.CustomDurationScroller scroller -> n
    int SCROLL_WHAT -> SCROLL_WHAT
    83:85:void init() -> g
    91:93:void startAutoScroll() -> startAutoScroll
    101:103:void startAutoScroll(int) -> startAutoScroll
    109:111:void stopAutoScroll() -> stopAutoScroll
    117:118:void setSwipeScrollDurationFactor(double) -> setSwipeScrollDurationFactor
    124:125:void setAutoScrollDurationFactor(double) -> setAutoScrollDurationFactor
    129:131:void sendScrollMessage(long) -> a
    138:148:void setViewPagerScroller() -> h
    154:173:void scrollOnce() -> scrollOnce
    184:223:boolean dispatchTouchEvent(android.view.MotionEvent) -> dispatchTouchEvent
    250:250:long getInterval() -> getInterval
    259:260:void setInterval(long) -> setInterval
com.radmagnet.AutoScrollViewPager$1 -> ahb:
com.radmagnet.AutoScrollViewPager$MyHandler -> ahc:
    com.radmagnet.AutoScrollViewPager this$0 -> a
    230:241:void handleMessage(android.os.Message) -> handleMessage
com.radmagnet.BaseActivity -> com.radmagnet.BaseActivity:
    com.radmagnet.models.ConfigVars sConfig -> sConfig
    android.content.SharedPreferences mPrefs -> n
    java.lang.String LAST_UPDATED_KEY -> LAST_UPDATED_KEY
    50:54:void onCreate(android.os.Bundle) -> onCreate
    59:74:com.radmagnet.models.ConfigVars getConfig() -> getConfig
    79:85:int getColorFromCategory(java.lang.String) -> getColorFromCategory
    90:96:java.lang.String getTitleFromConfig(java.lang.String) -> getTitleFromConfig
    102:106:android.graphics.drawable.Drawable applyColorToDrawable(int,int) -> applyColorToDrawable
    111:112:void attachBaseContext(android.content.Context) -> attachBaseContext
    118:140:java.lang.CharSequence highlight(java.lang.String,java.lang.String) -> highlight
    146:176:void setupActionBar(boolean,android.support.v7.widget.Toolbar) -> setupActionBar
    180:185:android.text.SpannableString getStyledActionTitle(java.lang.CharSequence) -> getStyledActionTitle
    190:190:int getValueInDp(int) -> getValueInDp
    196:211:java.lang.String getDateSuffix(int) -> getDateSuffix
com.radmagnet.BaseApplication -> com.radmagnet.BaseApplication:
    java.lang.String DATE_FORMAT -> DATE_FORMAT
    int NOTIF_REQUEST_CODE -> NOTIF_REQUEST_CODE
    java.lang.String NEWS_DETAILS_URL -> NEWS_DETAILS_URL
    21:28:void onCreate() -> onCreate
com.radmagnet.BaseApplication$Categories -> com.radmagnet.BaseApplication$Categories:
    com.radmagnet.BaseApplication$Categories EVENTS -> EVENTS
    com.radmagnet.BaseApplication$Categories NEWS -> NEWS
    com.radmagnet.BaseApplication$Categories LIFE_HACKS -> LIFE_HACKS
    java.lang.String text -> a
    com.radmagnet.BaseApplication$Categories[] $VALUES -> b
    31:31:com.radmagnet.BaseApplication$Categories[] values() -> values
    31:31:com.radmagnet.BaseApplication$Categories valueOf(java.lang.String) -> valueOf
    43:43:java.lang.String toString() -> toString
com.radmagnet.BaseFragment -> com.radmagnet.BaseFragment:
    14:14:com.radmagnet.BaseActivity getBaseActivity() -> getBaseActivity
...
com.h6ah4i.android.widget.advrecyclerview.touchguard.RecyclerViewTouchActionGuardManager -> com.h6ah4i.android.widget.advrecyclerview.touchguard.RecyclerViewTouchActionGuardManager:
    android.support.v7.widget.RecyclerView$OnItemTouchListener mInternalUseOnItemTouchListener -> a
    android.support.v7.widget.RecyclerView mRecyclerView -> b
    boolean mGuarding -> c
    int mInitialTouchY -> d
    int mLastTouchY -> e
    int mTouchSlop -> f
    boolean mEnabled -> g
    boolean mInterceptScrollingWhileAnimationRunning -> h
    55:55:boolean isReleased() -> isReleased
    59:75:void attachRecyclerView(android.support.v7.widget.RecyclerView) -> attachRecyclerView
    78:83:void release() -> release
    86:113:boolean onInterceptTouchEvent(android.support.v7.widget.RecyclerView,android.view.MotionEvent) -> a
    117:133:void onTouchEvent(android.support.v7.widget.RecyclerView,android.view.MotionEvent) -> b
    136:147:boolean handleActionMove(android.support.v7.widget.RecyclerView,android.view.MotionEvent) -> c
    151:152:boolean isAnimationRunning(android.support.v7.widget.RecyclerView) -> a
    156:159:void handleActionUpOrCancel() -> a
    162:164:void handleActionDown(android.view.MotionEvent) -> a
    167:175:void setEnabled(boolean) -> setEnabled
    178:178:boolean isEnabled() -> isEnabled
    182:183:void setInterceptVerticalScrollingWhileAnimationRunning(boolean) -> setInterceptVerticalScrollingWhileAnimationRunning
com.h6ah4i.android.widget.advrecyclerview.touchguard.RecyclerViewTouchActionGuardManager$1 -> aet:
    com.h6ah4i.android.widget.advrecyclerview.touchguard.RecyclerViewTouchActionGuardManager this$0 -> a
    44:44:boolean onInterceptTouchEvent(android.support.v7.widget.RecyclerView,android.view.MotionEvent) -> onInterceptTouchEvent
    49:50:void onTouchEvent(android.support.v7.widget.RecyclerView,android.view.MotionEvent) -> onTouchEvent
com.h6ah4i.android.widget.advrecyclerview.utils.AbstractDraggableItemViewHolder -> com.h6ah4i.android.widget.advrecyclerview.utils.AbstractDraggableItemViewHolder:
    int mDragStateFlags -> h
    33:34:void setDragStateFlags(int) -> setDragStateFlags
    38:38:int getDragStateFlags() -> getDragStateFlags
com.h6ah4i.android.widget.advrecyclerview.utils.AbstractDraggableSwipeableItemViewHolder -> com.h6ah4i.android.widget.advrecyclerview.utils.AbstractDraggableSwipeableItemViewHolder:
    int mDragStateFlags -> h
    int mSwipeStateFlags -> i
    int mSwipeResult -> j
    int mAfterSwipeReaction -> k
    float mSwipeAmount -> l
    39:40:void setDragStateFlags(int) -> setDragStateFlags
    44:44:int getDragStateFlags() -> getDragStateFlags
    49:50:void setSwipeStateFlags(int) -> setSwipeStateFlags
    54:54:int getSwipeStateFlags() -> getSwipeStateFlags
    59:60:void setSwipeResult(int) -> setSwipeResult
    64:64:int getSwipeResult() -> getSwipeResult
    69:69:int getAfterSwipeReaction() -> getAfterSwipeReaction
    74:75:void setAfterSwipeReaction(int) -> setAfterSwipeReaction
    79:79:float getSwipeItemSlideAmount() -> getSwipeItemSlideAmount
    84:85:void setSwipeItemSlideAmount(float) -> setSwipeItemSlideAmount
com.h6ah4i.android.widget.advrecyclerview.utils.AbstractExpandableItemAdapter -> com.h6ah4i.android.widget.advrecyclerview.utils.AbstractExpandableItemAdapter:
    39:39:android.support.v7.widget.RecyclerView$ViewHolder onCreateViewHolder(android.view.ViewGroup,int) -> onCreateViewHolder
    51:51:long getItemId(int) -> getItemId
    63:63:int getItemViewType(int) -> getItemViewType
    74:74:int getItemCount() -> getItemCount
    87:87:void onBindViewHolder(android.support.v7.widget.RecyclerView$ViewHolder,int) -> onBindViewHolder
com.h6ah4i.android.widget.advrecyclerview.utils.AbstractExpandableItemViewHolder -> com.h6ah4i.android.widget.advrecyclerview.utils.AbstractExpandableItemViewHolder:
    int mExpandStateFlags -> h
    33:34:void setExpandStateFlags(int) -> setExpandStateFlags
    38:38:int getExpandStateFlags() -> getExpandStateFlags