app/unused.txt
com.radmagnet.Networking:
    private static final java.lang.String URL
com.radmagnet.NewsAdapter:
    int height
    230:235:private void setAnimation(android.view.View,int)
com.radmagnet.NewsFragment:
    private android.support.v7.widget.ShareActionProvider mShareActionProvider
com.radmagnet.SplashActivity:
    private static final int REPEAT_NOTIF_AFTER_DAYS
...
android.support.v7.widget.StaggeredGridLayoutManager$LazySpanLookup:
    private static final int MIN_SIZE
android.support.v7.widget.StaggeredGridLayoutManager$LazySpanLookup$FullSpanItem:
    2458:2459:public void invalidateSpanGaps()
android.support.v7.widget.StaggeredGridLayoutManager$Span:
    static final int INVALID_LINE
    2119:2133:int getNormalizedOffset(int,int,int)
    2145:2153:boolean isEmpty(int,int)
android.support.v7.widget.SuggestionsAdapter:
    private static final boolean DBG
    private static final java.lang.String LOG_TAG
    private static final int QUERY_LIMIT
    static final int REFINE_NONE
    static final int REFINE_BY_ENTRY
    static final int REFINE_ALL
    static final int INVALID_INDEX
    126:126:public int getQueryRefinement()
    174:176:public void close()
android.support.v7.widget.SwitchCompat:
    private static final int THUMB_ANIMATION_DURATION
    private static final int TOUCH_MODE_IDLE
    private static final int TOUCH_MODE_DOWN
    private static final int TOUCH_MODE_DRAGGING
    private static final int SANS
    private static final int SERIF
    private static final int MONOSPACE
android.support.v7.widget.Toolbar:
    private static final java.lang.String TAG
    1700:1700:private static boolean isCustomView(android.view.View)
android.support.v7.widget.Toolbar$LayoutParams:
    static final int CUSTOM
    static final int SYSTEM
    static final int EXPANDED
com.google.gson.DefaultDateTypeAdapter:
    53:54:DefaultDateTypeAdapter(int)
com.google.gson.FieldAttributes:
    146:146:java.lang.Object get(java.lang.Object)
    155:155:boolean isSynthetic()
com.google.gson.Gson:
    static final boolean DEFAULT_JSON_NON_EXECUTABLE
    private static final java.lang.String JSON_NON_EXECUTABLE_PREFIX
com.google.gson.JsonArray:
    45:49:com.google.gson.JsonArray deepCopy()
    33:33:bridge synthetic com.google.gson.JsonElement deepCopy()
com.google.gson.JsonElement:
    abstract com.google.gson.JsonElement deepCopy()
com.google.gson.JsonNull:
    45:45:com.google.gson.JsonNull deepCopy()
    26:26:bridge synthetic com.google.gson.JsonElement deepCopy()
com.google.gson.JsonObject:
    38:42:com.google.gson.JsonObject deepCopy()
    32:32:bridge synthetic com.google.gson.JsonElement deepCopy()
com.google.gson.JsonPrimitive:
    90:90:com.google.gson.JsonPrimitive deepCopy()
    33:33:bridge synthetic com.google.gson.JsonElement deepCopy()
com.google.gson.internal.Excluder:
    private static final double IGNORE_VERSIONS
com.google.gson.internal.bind.TypeAdapters$23:
    private static final java.lang.String YEAR
    private static final java.lang.String MONTH
    private static final java.lang.String DAY_OF_MONTH
    private static final java.lang.String HOUR_OF_DAY
    private static final java.lang.String MINUTE
    private static final java.lang.String SECOND